
 [INFO] Processing email queue (limit: 2)...                                    


In EmailService.php line 98:
                                                     
  Call to a member function getProviderId() on null  
                                                     

app:email:process-queue [--limit LIMIT] [--dry-run]


 [INFO] Processing email queue (limit: 2)...                                    


In EmailService.php line 98:
                                                     
  Call to a member function getProviderId() on null  
                                                     

app:email:process-queue [--limit LIMIT] [--dry-run]


 [INFO] Processing email queue (limit: 2)...                                    


In EmailService.php line 98:
                                                     
  Call to a member function getProviderId() on null  
                                                     

app:email:process-queue [--limit LIMIT] [--dry-run]


 [INFO] Processing email queue (limit: 2)...                                    


In EmailService.php line 98:
                                                     
  Call to a member function getProviderId() on null  
                                                     

app:email:process-queue [--limit LIMIT] [--dry-run]


 [INFO] Processing email queue (limit: 2)...                                    


In EmailService.php line 98:
                                                     
  Call to a member function getProviderId() on null  
                                                     

app:email:process-queue [--limit LIMIT] [--dry-run]


 [INFO] Processing email queue (limit: 2)...                                    


In EmailService.php line 98:
                                                     
  Call to a member function getProviderId() on null  
                                                     

app:email:process-queue [--limit LIMIT] [--dry-run]


 [INFO] Processing email queue (limit: 2)...                                    


In EmailService.php line 98:
                                                     
  Call to a member function getProviderId() on null  
                                                     

app:email:process-queue [--limit LIMIT] [--dry-run]


 [INFO] Processing email queue (limit: 2)...                                    


In EmailService.php line 98:
                                                     
  Call to a member function getProviderId() on null  
                                                     

app:email:process-queue [--limit LIMIT] [--dry-run]


 [INFO] Processing email queue (limit: 2)...                                    


In EmailService.php line 98:
                                                     
  Call to a member function getProviderId() on null  
                                                     

app:email:process-queue [--limit LIMIT] [--dry-run]


 [INFO] Processing email queue (limit: 2)...                                    


In EmailService.php line 98:
                                                     
  Call to a member function getProviderId() on null  
                                                     

app:email:process-queue [--limit LIMIT] [--dry-run]


 [INFO] Processing email queue (limit: 2)...                                    


In EmailService.php line 98:
                                                     
  Call to a member function getProviderId() on null  
                                                     

app:email:process-queue [--limit LIMIT] [--dry-run]


 [INFO] Processing email queue (limit: 2)...                                    


In EmailService.php line 98:
                                                     
  Call to a member function getProviderId() on null  
                                                     

app:email:process-queue [--limit LIMIT] [--dry-run]


 [INFO] Processing email queue (limit: 2)...                                                                            


In EmailService.php line 98:
                                                     
  Call to a member function getProviderId() on null  
                                                     

app:email:process-queue [--limit LIMIT] [--dry-run]


 [INFO] Processing email queue (limit: 2)...                                    


In EmailService.php line 98:
                                                     
  Call to a member function getProviderId() on null  
                                                     

app:email:process-queue [--limit LIMIT] [--dry-run]


 [INFO] Processing email queue (limit: 2)...                                    


In EmailService.php line 98:
                                                     
  Call to a member function getProviderId() on null  
                                                     

app:email:process-queue [--limit LIMIT] [--dry-run]


 [INFO] Processing email queue (limit: 2)...                                    


In EmailService.php line 98:
                                                     
  Call to a member function getProviderId() on null  
                                                     

app:email:process-queue [--limit LIMIT] [--dry-run]


 [INFO] Processing email queue (limit: 2)...                                    


In EmailService.php line 98:
                                                     
  Call to a member function getProviderId() on null  
                                                     

app:email:process-queue [--limit LIMIT] [--dry-run]

